app/build/intermediates/manifest_merge_blame_file/debug/manifest-merger-blame-debug-report.txt
1<?xml version="1.0" encoding="utf-8"?>
2<manifest xmlns:android="http://schemas.android.com/apk/res/android"
3    package="com.huawei.vrshop"
4    android:versionCode="10000300"
5    android:versionName="1.0.0.300" >
6
7    <uses-sdk
8        android:minSdkVersion="26"
8-->src\main\AndroidManifest.xml
9        android:targetSdkVersion="28" />
9-->src\main\AndroidManifest.xml
10
11    <!-- HMS-SDK引导升级HMS功能，访问OTA服务器需要网络权限 -->
12    <uses-permission android:name="android.permission.INTERNET" /> <!-- HMS-SDK引导升级HMS功能，保存下载的升级包需要SD卡写权限 -->
12-->[com.huawei.hms:base:5.0.4.301] AndroidManifest.xml:10:5-67
12-->[com.huawei.hms:base:5.0.4.301] AndroidManifest.xml:10:22-64
13    <uses-permission android:name="android.permission.WRITE_EXTERNAL_STORAGE" /> <!-- 检测网络状态 -->
13-->[com.huawei.hms:availableupdate:5.0.4.301] AndroidManifest.xml:12:5-81
13-->[com.huawei.hms:availableupdate:5.0.4.301] AndroidManifest.xml:12:22-78
14    <uses-permission android:name="android.permission.ACCESS_NETWORK_STATE" /> <!-- 如果是安卓8.0，应用编译配置的targetSdkVersion>=26，请务必添加以下权限 -->
14-->[com.huawei.hms:availableupdate:5.0.4.301] AndroidManifest.xml:14:5-79
14-->[com.huawei.hms:availableupdate:5.0.4.301] AndroidManifest.xml:14:22-76
15    <uses-permission android:name="android.permission.REQUEST_INSTALL_PACKAGES" /> <!-- 应用市场9.0版本必须使用该权限获取用户的服务地 -->
15-->[com.huawei.hms:availableupdate:5.0.4.301] AndroidManifest.xml:16:5-83
15-->[com.huawei.hms:availableupdate:5.0.4.301] AndroidManifest.xml:16:22-80
16    <uses-permission android:name="com.huawei.appmarket.service.commondata.permission.GET_COMMON_DATA" />
16-->[com.huawei.hms:availableupdate:5.0.4.301] AndroidManifest.xml:18:5-106
16-->[com.huawei.hms:availableupdate:5.0.4.301] AndroidManifest.xml:18:22-103
17    <uses-permission android:name="android.permission.READ_EXTERNAL_STORAGE" />
18
19    <application
19-->src\main\AndroidManifest.xml:5:5-20:19
20        android:allowBackup="true"
20-->src\main\AndroidManifest.xml:6:9-35
21        android:appComponentFactory="androidx.core.app.CoreComponentFactory"
21-->[androidx.core:core:1.0.0] AndroidManifest.xml:22:18-86
22        android:debuggable="true"
23        android:icon="@drawable/iap"
23-->src\main\AndroidManifest.xml:7:9-37
24        android:label="@string/app_name"
24-->src\main\AndroidManifest.xml:8:9-41
25        android:roundIcon="@drawable/iap"
25-->src\main\AndroidManifest.xml:9:9-42
26        android:supportsRtl="true"
26-->src\main\AndroidManifest.xml:10:9-35
27        android:theme="@style/AppTheme" >
27-->src\main\AndroidManifest.xml:11:9-40
28        <activity android:name="com.huawei.hms.iap.vrpaydemo.MainActivity" >
28-->src\main\AndroidManifest.xml:12:9-18:20
28-->src\main\AndroidManifest.xml:12:19-75
29            <intent-filter>
29-->src\main\AndroidManifest.xml:13:13-17:29
30                <action android:name="android.intent.action.MAIN" />
30-->src\main\AndroidManifest.xml:14:17-69
30-->src\main\AndroidManifest.xml:14:25-66
31
32                <category android:name="android.intent.category.LAUNCHER" />
32-->src\main\AndroidManifest.xml:16:17-77
32-->src\main\AndroidManifest.xml:16:27-74
33            </intent-filter>
34        </activity>
35
36        <meta-data
36-->[com.huawei.hms:iap:5.0.4.301] AndroidManifest.xml:12:9-14:45
37            android:name="com.huawei.hms.client.service.name:iap"
37-->[com.huawei.hms:iap:5.0.4.301] AndroidManifest.xml:13:13-66
38            android:value="iap:5.0.4.301" />
38-->[com.huawei.hms:iap:5.0.4.301] AndroidManifest.xml:14:13-42
39        <!--
40        为后续统计第三方app集成了哪些Kit，因此需要Kit在自己的AndroidManifest.xml文件中定义业务标签元数据，
41        流水线打包时会替换成HMSVER对应的版本号，不要手动修改
42        -->
43        <meta-data
43-->[com.huawei.hms:base:5.0.4.301] AndroidManifest.xml:18:9-20:46
44            android:name="com.huawei.hms.client.service.name:base"
44-->[com.huawei.hms:base:5.0.4.301] AndroidManifest.xml:19:13-67
45            android:value="base:5.0.4.301" /> <!-- SDK依赖的HMSCore的最低api level元数据 -->
45-->[com.huawei.hms:base:5.0.4.301] AndroidManifest.xml:20:13-43
46        <meta-data
46-->[com.huawei.hms:base:5.0.4.301] AndroidManifest.xml:23:9-25:33
47            android:name="com.huawei.hms.min_api_level:base:hmscore"
47-->[com.huawei.hms:base:5.0.4.301] AndroidManifest.xml:24:13-69
48            android:value="1" /> <!-- 用于判断是否集成了本lib -->
48-->[com.huawei.hms:base:5.0.4.301] AndroidManifest.xml:25:13-30
49        <meta-data
49-->[com.huawei.hms:availableupdate:5.0.4.301] AndroidManifest.xml:23:9-25:35
50            android:name="availableLoaded"
50-->[com.huawei.hms:availableupdate:5.0.4.301] AndroidManifest.xml:24:13-43
51            android:value="yes" />
51-->[com.huawei.hms:availableupdate:5.0.4.301] AndroidManifest.xml:25:13-32
52
53        <provider
53-->[com.huawei.hms:availableupdate:5.0.4.301] AndroidManifest.xml:27:9-32:20
54            android:name="com.huawei.hms.update.provider.UpdateProvider"
54-->[com.huawei.hms:availableupdate:5.0.4.301] AndroidManifest.xml:28:13-73
55            android:authorities="com.huawei.vrshop.hms.update.provider"
55-->[com.huawei.hms:availableupdate:5.0.4.301] AndroidManifest.xml:29:13-71
56            android:exported="false"
56-->[com.huawei.hms:availableupdate:5.0.4.301] AndroidManifest.xml:30:13-37
57            android:grantUriPermissions="true" >
57-->[com.huawei.hms:availableupdate:5.0.4.301] AndroidManifest.xml:31:13-47
58        </provider>
59
60        <activity
60-->[com.huawei.hms:ui:5.0.4.301] AndroidManifest.xml:10:9-21:20
61            android:name="com.huawei.hms.activity.BridgeActivity"
61-->[com.huawei.hms:ui:5.0.4.301] AndroidManifest.xml:11:13-66
62            android:configChanges="orientation|locale|layoutDirection|fontScale|screenSize|smallestScreenSize|screenLayout|uiMode"
62-->[com.huawei.hms:ui:5.0.4.301] AndroidManifest.xml:12:13-131
63            android:excludeFromRecents="true"
63-->[com.huawei.hms:ui:5.0.4.301] AndroidManifest.xml:13:13-46
64            android:exported="false"
64-->[com.huawei.hms:ui:5.0.4.301] AndroidManifest.xml:14:13-37
65            android:hardwareAccelerated="true"
65-->[com.huawei.hms:ui:5.0.4.301] AndroidManifest.xml:15:13-47
66            android:screenOrientation="behind"
66-->[com.huawei.hms:ui:5.0.4.301] AndroidManifest.xml:16:13-47
67            android:theme="@android:style/Theme.Translucent" >
67-->[com.huawei.hms:ui:5.0.4.301] AndroidManifest.xml:17:13-61
68            <meta-data
68-->[com.huawei.hms:ui:5.0.4.301] AndroidManifest.xml:18:13-20:77
69                android:name="hwc-theme"
69-->[com.huawei.hms:ui:5.0.4.301] AndroidManifest.xml:19:17-41
70                android:value="androidhwext:style/Theme.Emui.Translucent" />
70-->[com.huawei.hms:ui:5.0.4.301] AndroidManifest.xml:20:17-74
71        </activity>
72        <activity
72-->[com.huawei.hms:ui:5.0.4.301] AndroidManifest.xml:22:9-26:20
73            android:name="com.huawei.hms.activity.EnableServiceActivity"
73-->[com.huawei.hms:ui:5.0.4.301] AndroidManifest.xml:23:13-73
74            android:configChanges="orientation|keyboardHidden|screenSize|smallestScreenSize|screenLayout"
74-->[com.huawei.hms:ui:5.0.4.301] AndroidManifest.xml:24:13-106
75            android:exported="false" >
75-->[com.huawei.hms:ui:5.0.4.301] AndroidManifest.xml:25:13-37
76        </activity>
77
78        <provider
78-->[com.huawei.agconnect:agconnect-core:1.4.0.300] AndroidManifest.xml:11:9-14:40
79            android:name="com.huawei.agconnect.core.provider.AGConnectInitializeProvider"
79-->[com.huawei.agconnect:agconnect-core:1.4.0.300] AndroidManifest.xml:12:13-90
80            android:authorities="com.huawei.vrshop.AGCInitializeProvider"
80-->[com.huawei.agconnect:agconnect-core:1.4.0.300] AndroidManifest.xml:13:13-73
81            android:exported="false" />
81-->[com.huawei.agconnect:agconnect-core:1.4.0.300] AndroidManifest.xml:14:13-37
82
83        <service
83-->[com.huawei.agconnect:agconnect-core:1.4.0.300] AndroidManifest.xml:16:9-18:40
84            android:name="com.huawei.agconnect.core.ServiceDiscovery"
84-->[com.huawei.agconnect:agconnect-core:1.4.0.300] AndroidManifest.xml:17:13-70
85            android:exported="false" />
85-->[com.huawei.agconnect:agconnect-core:1.4.0.300] AndroidManifest.xml:18:13-37
86
87        <activity
87-->[com.huawei.hms:update:2.0.7.302] AndroidManifest.xml:21:9-29:20
88            android:name="com.huawei.updatesdk.service.otaupdate.AppUpdateActivity"
88-->[com.huawei.hms:update:2.0.7.302] AndroidManifest.xml:22:13-84
89            android:configChanges="orientation|screenSize"
89-->[com.huawei.hms:update:2.0.7.302] AndroidManifest.xml:23:13-59
90            android:exported="false"
90-->[com.huawei.hms:update:2.0.7.302] AndroidManifest.xml:24:13-37
91            android:theme="@android:style/Theme.Translucent.NoTitleBar" >
91-->[com.huawei.hms:update:2.0.7.302] AndroidManifest.xml:25:13-72
92            <meta-data
92-->[com.huawei.hms:ui:5.0.4.301] AndroidManifest.xml:18:13-20:77
93                android:name="hwc-theme"
93-->[com.huawei.hms:ui:5.0.4.301] AndroidManifest.xml:19:17-41
94                android:value="androidhwext:style/Theme.Emui.Translucent.NoTitleBar" />
94-->[com.huawei.hms:ui:5.0.4.301] AndroidManifest.xml:20:17-74
95        </activity>
96        <activity
96-->[com.huawei.hms:update:2.0.7.302] AndroidManifest.xml:30:9-38:20
97            android:name="com.huawei.updatesdk.support.pm.PackageInstallerActivity"
97-->[com.huawei.hms:update:2.0.7.302] AndroidManifest.xml:31:13-84
98            android:configChanges="orientation|keyboardHidden|screenSize"
98-->[com.huawei.hms:update:2.0.7.302] AndroidManifest.xml:32:13-74
99            android:exported="false"
99-->[com.huawei.hms:update:2.0.7.302] AndroidManifest.xml:33:13-37
100            android:theme="@android:style/Theme.Translucent.NoTitleBar" >
100-->[com.huawei.hms:update:2.0.7.302] AndroidManifest.xml:34:13-72
101            <meta-data
101-->[com.huawei.hms:ui:5.0.4.301] AndroidManifest.xml:18:13-20:77
102                android:name="hwc-theme"
102-->[com.huawei.hms:ui:5.0.4.301] AndroidManifest.xml:19:17-41
103                android:value="androidhwext:style/Theme.Emui.Translucent" />
103-->[com.huawei.hms:ui:5.0.4.301] AndroidManifest.xml:20:17-74
104        </activity>
105
106        <provider
106-->[com.huawei.hms:update:2.0.7.302] AndroidManifest.xml:40:9-45:20
107            android:name="com.huawei.updatesdk.fileprovider.UpdateSdkFileProvider"
107-->[com.huawei.hms:update:2.0.7.302] AndroidManifest.xml:41:13-83
108            android:authorities="com.huawei.vrshop.updateSdk.fileProvider"
108-->[com.huawei.hms:update:2.0.7.302] AndroidManifest.xml:42:13-74
109            android:exported="false"
109-->[com.huawei.hms:update:2.0.7.302] AndroidManifest.xml:43:13-37
110            android:grantUriPermissions="true" >
110-->[com.huawei.hms:update:2.0.7.302] AndroidManifest.xml:44:13-47
111        </provider>
112
113        <uses-library
113-->[com.huawei.android.hms:security-ssl:1.1.5.302] AndroidManifest.xml:10:9-12:40
114            android:name="org.apache.http.legacy"
114-->[com.huawei.android.hms:security-ssl:1.1.5.302] AndroidManifest.xml:11:13-50
115            android:required="false" />
115-->[com.huawei.android.hms:security-ssl:1.1.5.302] AndroidManifest.xml:12:13-37
116    </application>
117
118</manifest>